<?xml version="1.0" encoding="UTF-8"?>
<testsuite xmlns:xsi="http://www.w3.org/2001/XMLSchema-instance" xsi:noNamespaceSchemaLocation="https://maven.apache.org/surefire/maven-surefire-plugin/xsd/surefire-test-report-3.0.xsd" version="3.0" name="Validate Login" time="10.003" tests="5" errors="3" skipped="0" failures="0">
  <properties>
[...]
</properties>
  <testcase name="User should able to login with valid credentials" classname="Validate Login" time="4.322">
    <error type="java.lang.NullPointerException"><![CDATA[java.lang.NullPointerException
]]></error>
    <system-out><![CDATA[-----------before scenario User should able to login with valid credentials-----------
[INFO ] 2022-07-10 22:07:56.901 [pool-2-thread-1] BaseClass - Browser Opened Sucessfully
driver: null
-----------after scenario User should able to login with valid credentials-----------
]]></system-out>
    <system-err><![CDATA[SLF4J: Failed to load class "org.slf4j.impl.StaticLoggerBinder".
SLF4J: Defaulting to no-operation (NOP) logger implementation
SLF4J: See http://www.slf4j.org/codes.html#StaticLoggerBinder for further details.
Starting ChromeDriver 103.0.5060.53 (a1711811edd74ff1cf2150f36ffa3b0dae40b17f-refs/branch-heads/5060@{#853}) on port 3161
Only local connections are allowed.
Please see https://chromedriver.chromium.org/security-considerations for suggestions on keeping ChromeDriver safe.
ChromeDriver was started successfully.
Jul 10, 2022 10:07:56 PM org.openqa.selenium.remote.ProtocolHandshake createSession
INFO: Detected dialect: W3C
]]></system-err>
  </testcase>
  <testcase name="User should able to login with valid credentials" classname="Validate Login" time="0">
    <error type="java.lang.NullPointerException"><![CDATA[java.lang.NullPointerException
]]></error>
  </testcase>
  <testcase name="User should able to login with valid credentials" classname="Validate Login" time="0">
    <error type="java.lang.NullPointerException"><![CDATA[java.lang.NullPointerException
]]></error>
  </testcase>
  <testcase name="user should not able to login with invalid credentials #1" classname="Validate Login" time="2.86">
    <system-out><![CDATA[-----------before scenario user should not able to login with invalid credentials-----------
[INFO ] 2022-07-10 22:07:58.543 [pool-2-thread-1] BaseClass - Browser Opened Sucessfully
driver: ChromeDriver: chrome on WINDOWS (71afd30adad63c3c696faa657940c7a0)
[INFO ] 2022-07-10 22:07:58.993 [pool-2-thread-1] BaseClass - [[ChromeDriver: chrome on WINDOWS (71afd30adad63c3c696faa657940c7a0)] -> id: user-name] is visible
[INFO ] 2022-07-10 22:07:59.198 [pool-2-thread-1] BaseClass - test is entered in [[ChromeDriver: chrome on WINDOWS (71afd30adad63c3c696faa657940c7a0)] -> id: user-name]
[INFO ] 2022-07-10 22:07:59.277 [pool-2-thread-1] BaseClass - [[ChromeDriver: chrome on WINDOWS (71afd30adad63c3c696faa657940c7a0)] -> id: password] is visible
[INFO ] 2022-07-10 22:07:59.467 [pool-2-thread-1] BaseClass - test123 is entered in [[ChromeDriver: chrome on WINDOWS (71afd30adad63c3c696faa657940c7a0)] -> id: password]
[INFO ] 2022-07-10 22:07:59.547 [pool-2-thread-1] BaseClass - [[ChromeDriver: chrome on WINDOWS (71afd30adad63c3c696faa657940c7a0)] -> id: login-button] is visible
[INFO ] 2022-07-10 22:07:59.660 [pool-2-thread-1] BaseClass - [[ChromeDriver: chrome on WINDOWS (71afd30adad63c3c696faa657940c7a0)] -> id: login-button] is Clicked
[INFO ] 2022-07-10 22:07:59.723 [pool-2-thread-1] BaseClass - [[ChromeDriver: chrome on WINDOWS (71afd30adad63c3c696faa657940c7a0)] -> xpath: //div[@class='error-message-container error']] is visible
[INFO ] 2022-07-10 22:07:59.789 [pool-2-thread-1] BaseClass - [[ChromeDriver: chrome on WINDOWS (71afd30adad63c3c696faa657940c7a0)] -> xpath: //div[@class='error-message-container error']] is displayed
-----------after scenario user should not able to login with invalid credentials-----------
]]></system-out>
    <system-err><![CDATA[Starting ChromeDriver 103.0.5060.53 (a1711811edd74ff1cf2150f36ffa3b0dae40b17f-refs/branch-heads/5060@{#853}) on port 11137
Only local connections are allowed.
Please see https://chromedriver.chromium.org/security-considerations for suggestions on keeping ChromeDriver safe.
ChromeDriver was started successfully.
Jul 10, 2022 10:07:58 PM org.openqa.selenium.remote.ProtocolHandshake createSession
INFO: Detected dialect: W3C
]]></system-err>
  </testcase>
  <testcase name="user should not able to login with invalid credentials #2" classname="Validate Login" time="2.816">
    <system-out><![CDATA[-----------before scenario user should not able to login with invalid credentials-----------
[INFO ] 2022-07-10 22:08:01.343 [pool-2-thread-1] BaseClass - Browser Opened Sucessfully
driver: ChromeDriver: chrome on WINDOWS (a90dd250990b1c69d2e95bb7f84337d8)
[INFO ] 2022-07-10 22:08:01.738 [pool-2-thread-1] BaseClass - [[ChromeDriver: chrome on WINDOWS (a90dd250990b1c69d2e95bb7f84337d8)] -> id: user-name] is visible
[INFO ] 2022-07-10 22:08:01.966 [pool-2-thread-1] BaseClass - abctest is entered in [[ChromeDriver: chrome on WINDOWS (a90dd250990b1c69d2e95bb7f84337d8)] -> id: user-name]
[INFO ] 2022-07-10 22:08:02.051 [pool-2-thread-1] BaseClass - [[ChromeDriver: chrome on WINDOWS (a90dd250990b1c69d2e95bb7f84337d8)] -> id: password] is visible
[INFO ] 2022-07-10 22:08:02.251 [pool-2-thread-1] BaseClass - abc123 is entered in [[ChromeDriver: chrome on WINDOWS (a90dd250990b1c69d2e95bb7f84337d8)] -> id: password]
[INFO ] 2022-07-10 22:08:02.331 [pool-2-thread-1] BaseClass - [[ChromeDriver: chrome on WINDOWS (a90dd250990b1c69d2e95bb7f84337d8)] -> id: login-button] is visible
[INFO ] 2022-07-10 22:08:02.443 [pool-2-thread-1] BaseClass - [[ChromeDriver: chrome on WINDOWS (a90dd250990b1c69d2e95bb7f84337d8)] -> id: login-button] is Clicked
[INFO ] 2022-07-10 22:08:02.515 [pool-2-thread-1] BaseClass - [[ChromeDriver: chrome on WINDOWS (a90dd250990b1c69d2e95bb7f84337d8)] -> xpath: //div[@class='error-message-container error']] is visible
[INFO ] 2022-07-10 22:08:02.586 [pool-2-thread-1] BaseClass - [[ChromeDriver: chrome on WINDOWS (a90dd250990b1c69d2e95bb7f84337d8)] -> xpath: //div[@class='error-message-container error']] is displayed
-----------after scenario user should not able to login with invalid credentials-----------
]]></system-out>
    <system-err><![CDATA[Starting ChromeDriver 103.0.5060.53 (a1711811edd74ff1cf2150f36ffa3b0dae40b17f-refs/branch-heads/5060@{#853}) on port 7116
Only local connections are allowed.
Please see https://chromedriver.chromium.org/security-considerations for suggestions on keeping ChromeDriver safe.
ChromeDriver was started successfully.
Jul 10, 2022 10:08:01 PM org.openqa.selenium.remote.ProtocolHandshake createSession
INFO: Detected dialect: W3C
]]></system-err>
  </testcase>
</testsuite>