<?xml version="1.0" encoding="UTF-8"?>
<testsuite xmlns:xsi="http://www.w3.org/2001/XMLSchema-instance" xsi:noNamespaceSchemaLocation="https://maven.apache.org/surefire/maven-surefire-plugin/xsd/surefire-test-report-3.0.xsd" version="3.0" name="Test my feature" time="6.228" tests="3" errors="3" skipped="0" failures="0">
  <properties>
[...]
</properties>
  <testcase name="Place an order" classname="Test my feature" time="6.228">
    <error message="no such element: Unable to locate element: {&quot;method&quot;:&quot;xpath&quot;,&quot;selector&quot;:&quot;//a[@id=&apos;item_4_title_link&apos;]/div&quot;}&#10;  (Session info: chrome=103.0.5060.114)&#10;For documentation on this error, please visit: https://www.seleniumhq.org/exceptions/no_such_element.html&#10;Build info: version: &apos;3.141.59&apos;, revision: &apos;e82be7d358&apos;, time: &apos;2018-11-14T08:17:03&apos;&#10;System info: host: &apos;LAPTOP-0KMM1L6H&apos;, ip: &apos;192.168.29.206&apos;, os.name: &apos;Windows 10&apos;, os.arch: &apos;amd64&apos;, os.version: &apos;10.0&apos;, java.version: &apos;1.8.0_291&apos;&#10;Driver info: org.openqa.selenium.chrome.ChromeDriver&#10;Capabilities {acceptInsecureCerts: false, browserName: chrome, browserVersion: 103.0.5060.114, chrome: {chromedriverVersion: 103.0.5060.53 (a1711811edd7..., userDataDir: C:\Users\SUTHAR~1\AppData\L...}, goog:chromeOptions: {debuggerAddress: localhost:59883}, javascriptEnabled: true, networkConnectionEnabled: false, pageLoadStrategy: normal, platform: WINDOWS, platformName: WINDOWS, proxy: Proxy(), setWindowRect: true, strictFileInteractability: false, timeouts: {implicit: 0, pageLoad: 300000, script: 30000}, unhandledPromptBehavior: dismiss and notify, webauthn:extension:credBlob: true, webauthn:extension:largeBlob: true, webauthn:virtualAuthenticators: true}&#10;Session ID: 71afd30adad63c3c696faa657940c7a0&#10;*** Element info: {Using=xpath, value=//a[@id=&apos;item_4_title_link&apos;]/div}" type="org.openqa.selenium.NoSuchElementException"><![CDATA[org.openqa.selenium.NoSuchElementException: 
no such element: Unable to locate element: {"method":"xpath","selector":"//a[@id='item_4_title_link']/div"}
  (Session info: chrome=103.0.5060.114)
For documentation on this error, please visit: https://www.seleniumhq.org/exceptions/no_such_element.html
Build info: version: '3.141.59', revision: 'e82be7d358', time: '2018-11-14T08:17:03'
System info: host: 'LAPTOP-0KMM1L6H', ip: '192.168.29.206', os.name: 'Windows 10', os.arch: 'amd64', os.version: '10.0', java.version: '1.8.0_291'
Driver info: org.openqa.selenium.chrome.ChromeDriver
Capabilities {acceptInsecureCerts: false, browserName: chrome, browserVersion: 103.0.5060.114, chrome: {chromedriverVersion: 103.0.5060.53 (a1711811edd7..., userDataDir: C:\Users\SUTHAR~1\AppData\L...}, goog:chromeOptions: {debuggerAddress: localhost:59883}, javascriptEnabled: true, networkConnectionEnabled: false, pageLoadStrategy: normal, platform: WINDOWS, platformName: WINDOWS, proxy: Proxy(), setWindowRect: true, strictFileInteractability: false, timeouts: {implicit: 0, pageLoad: 300000, script: 30000}, unhandledPromptBehavior: dismiss and notify, webauthn:extension:credBlob: true, webauthn:extension:largeBlob: true, webauthn:virtualAuthenticators: true}
Session ID: 71afd30adad63c3c696faa657940c7a0
*** Element info: {Using=xpath, value=//a[@id='item_4_title_link']/div}
]]></error>
    <system-out><![CDATA[┌───────────────────────────────────────────────────────────────────────────────────┐
│ Share your Cucumber Report with your team at https://reports.cucumber.io          │
│ Activate publishing with one of the following:                                    │
│                                                                                   │
│ src/test/resources/cucumber.properties:          cucumber.publish.enabled=true    │
│ src/test/resources/junit-platform.properties:    cucumber.publish.enabled=true    │
│ Environment variable:                            CUCUMBER_PUBLISH_ENABLED=true    │
│ JUnit:                                           @CucumberOptions(publish = true) │
│                                                                                   │
│ More information at https://reports.cucumber.io/docs/cucumber-jvm                 │
│                                                                                   │
│ Disable this message with one of the following:                                   │
│                                                                                   │
│ src/test/resources/cucumber.properties:          cucumber.publish.quiet=true      │
│ src/test/resources/junit-platform.properties:    cucumber.publish.quiet=true      │
└───────────────────────────────────────────────────────────────────────────────────┘

-----------before scenario Place an order-----------
[INFO ] 2022-07-10 22:07:56.901 [pool-2-thread-2] BaseClass - Browser Opened Sucessfully
driver: ChromeDriver: chrome on WINDOWS (4af66025121fd86d22ff55edde80e5cd)
[INFO ] 2022-07-10 22:07:57.438 [pool-2-thread-2] BaseClass - [[ChromeDriver: chrome on WINDOWS (4af66025121fd86d22ff55edde80e5cd)] -> id: user-name] is visible
[INFO ] 2022-07-10 22:07:57.690 [pool-2-thread-2] BaseClass - standard_user is entered in [[ChromeDriver: chrome on WINDOWS (4af66025121fd86d22ff55edde80e5cd)] -> id: user-name]
[INFO ] 2022-07-10 22:07:57.768 [pool-2-thread-2] BaseClass - [[ChromeDriver: chrome on WINDOWS (4af66025121fd86d22ff55edde80e5cd)] -> id: password] is visible
[INFO ] 2022-07-10 22:07:57.984 [pool-2-thread-2] BaseClass - secret_sauce is entered in [[ChromeDriver: chrome on WINDOWS (4af66025121fd86d22ff55edde80e5cd)] -> id: password]
[INFO ] 2022-07-10 22:07:58.074 [pool-2-thread-2] BaseClass - [[ChromeDriver: chrome on WINDOWS (4af66025121fd86d22ff55edde80e5cd)] -> id: login-button] is visible
[INFO ] 2022-07-10 22:07:58.436 [pool-2-thread-2] BaseClass - Proxy element for: DefaultElementLocator 'By.id: login-button' is Clicked
[ERROR] 2022-07-10 22:07:58.467 [pool-2-thread-2] BaseClass - [[ChromeDriver: chrome on WINDOWS (4af66025121fd86d22ff55edde80e5cd)] -> xpath: //span[text()='Products']] is not visible
[INFO ] 2022-07-10 22:07:58.536 [pool-2-thread-2] BaseClass - [[ChromeDriver: chrome on WINDOWS (4af66025121fd86d22ff55edde80e5cd)] -> xpath: //span[text()='Products']] is displayed
[ERROR] 2022-07-10 22:07:58.588 [pool-2-thread-2] BaseClass - [[ChromeDriver: chrome on WINDOWS (4af66025121fd86d22ff55edde80e5cd)] -> id: add-to-cart-sauce-labs-backpack] is not visible
[INFO ] 2022-07-10 22:07:58.616 [pool-2-thread-2] BaseClass - [[ChromeDriver: chrome on WINDOWS (4af66025121fd86d22ff55edde80e5cd)] -> id: add-to-cart-sauce-labs-backpack] is Clicked
[ERROR] 2022-07-10 22:07:58.661 [pool-2-thread-2] BaseClass - [[ChromeDriver: chrome on WINDOWS (4af66025121fd86d22ff55edde80e5cd)] -> id: shopping_cart_container] is not visible
[INFO ] 2022-07-10 22:07:58.683 [pool-2-thread-2] BaseClass - [[ChromeDriver: chrome on WINDOWS (4af66025121fd86d22ff55edde80e5cd)] -> id: shopping_cart_container] is Clicked
-----------after scenario Place an order-----------
]]></system-out>
    <system-err><![CDATA[Starting ChromeDriver 103.0.5060.53 (a1711811edd74ff1cf2150f36ffa3b0dae40b17f-refs/branch-heads/5060@{#853}) on port 30370
Only local connections are allowed.
Please see https://chromedriver.chromium.org/security-considerations for suggestions on keeping ChromeDriver safe.
ChromeDriver was started successfully.
Jul 10, 2022 10:07:56 PM org.openqa.selenium.remote.ProtocolHandshake createSession
INFO: Detected dialect: W3C
java.lang.NullPointerException
	at java.util.Objects.requireNonNull(Objects.java:203)
	at org.openqa.selenium.support.ui.FluentWait.<init>(FluentWait.java:106)
	at org.openqa.selenium.support.ui.WebDriverWait.<init>(WebDriverWait.java:85)
	at org.openqa.selenium.support.ui.WebDriverWait.<init>(WebDriverWait.java:45)
	at com.vcentry.lab.base.BaseClass.waitForElement(BaseClass.java:62)
	at com.vcentry.lab.base.BaseClass.elementDisplayed(BaseClass.java:110)
	at com.vcentry.lab.pages.HomePage.verifyHomePage(HomePage.java:31)
	at com.vcentry.lab.stepDefinition.TestSteps.user_should_navigate_to_home_page(TestSteps.java:42)
	at sun.reflect.NativeMethodAccessorImpl.invoke0(Native Method)
	at sun.reflect.NativeMethodAccessorImpl.invoke(NativeMethodAccessorImpl.java:62)
	at sun.reflect.DelegatingMethodAccessorImpl.invoke(DelegatingMethodAccessorImpl.java:43)
	at java.lang.reflect.Method.invoke(Method.java:498)
	at io.cucumber.java.Invoker.doInvoke(Invoker.java:66)
	at io.cucumber.java.Invoker.invoke(Invoker.java:24)
	at io.cucumber.java.AbstractGlueDefinition.invokeMethod(AbstractGlueDefinition.java:47)
	at io.cucumber.java.JavaStepDefinition.execute(JavaStepDefinition.java:29)
	at io.cucumber.core.runner.CoreStepDefinition.execute(CoreStepDefinition.java:66)
	at io.cucumber.core.runner.PickleStepDefinitionMatch.runStep(PickleStepDefinitionMatch.java:63)
	at io.cucumber.core.runner.ExecutionMode$1.execute(ExecutionMode.java:10)
	at io.cucumber.core.runner.TestStep.executeStep(TestStep.java:92)
	at io.cucumber.core.runner.TestStep.run(TestStep.java:64)
	at io.cucumber.core.runner.PickleStepTestStep.run(PickleStepTestStep.java:51)
	at io.cucumber.core.runner.TestCase.run(TestCase.java:104)
	at io.cucumber.core.runner.Runner.runPickle(Runner.java:71)
	at io.cucumber.junit.PickleRunners$NoStepDescriptions.run(PickleRunners.java:151)
	at io.cucumber.junit.FeatureRunner.runChild(FeatureRunner.java:135)
	at io.cucumber.junit.FeatureRunner.runChild(FeatureRunner.java:27)
	at org.junit.runners.ParentRunner$4.run(ParentRunner.java:331)
	at org.junit.runners.ParentRunner$1.schedule(ParentRunner.java:79)
	at org.junit.runners.ParentRunner.runChildren(ParentRunner.java:329)
	at org.junit.runners.ParentRunner.access$100(ParentRunner.java:66)
	at org.junit.runners.ParentRunner$2.evaluate(ParentRunner.java:293)
	at org.junit.runners.ParentRunner$3.evaluate(ParentRunner.java:306)
	at org.junit.runners.ParentRunner.run(ParentRunner.java:413)
	at io.cucumber.junit.Cucumber.runChild(Cucumber.java:199)
	at io.cucumber.junit.Cucumber.runChild(Cucumber.java:90)
	at org.junit.runners.ParentRunner$4.run(ParentRunner.java:331)
	at org.apache.maven.surefire.junitcore.pc.Scheduler$1.run(Scheduler.java:405)
	at java.util.concurrent.Executors$RunnableAdapter.call(Executors.java:511)
	at java.util.concurrent.FutureTask.run(FutureTask.java:266)
	at java.util.concurrent.ThreadPoolExecutor.runWorker(ThreadPoolExecutor.java:1149)
	at java.util.concurrent.ThreadPoolExecutor$Worker.run(ThreadPoolExecutor.java:624)
	at java.lang.Thread.run(Thread.java:748)
java.lang.NullPointerException
	at java.util.Objects.requireNonNull(Objects.java:203)
	at org.openqa.selenium.support.ui.FluentWait.<init>(FluentWait.java:106)
	at org.openqa.selenium.support.ui.WebDriverWait.<init>(WebDriverWait.java:85)
	at org.openqa.selenium.support.ui.WebDriverWait.<init>(WebDriverWait.java:45)
	at com.vcentry.lab.base.BaseClass.waitForElement(BaseClass.java:62)
	at com.vcentry.lab.base.BaseClass.clickElement(BaseClass.java:77)
	at com.vcentry.lab.pages.HomePage.addBackpacktoCart(HomePage.java:35)
	at com.vcentry.lab.stepDefinition.TestSteps.ADD_Backpack_toCart(TestSteps.java:51)
	at sun.reflect.NativeMethodAccessorImpl.invoke0(Native Method)
	at sun.reflect.NativeMethodAccessorImpl.invoke(NativeMethodAccessorImpl.java:62)
	at sun.reflect.DelegatingMethodAccessorImpl.invoke(DelegatingMethodAccessorImpl.java:43)
	at java.lang.reflect.Method.invoke(Method.java:498)
	at io.cucumber.java.Invoker.doInvoke(Invoker.java:66)
	at io.cucumber.java.Invoker.invoke(Invoker.java:24)
	at io.cucumber.java.AbstractGlueDefinition.invokeMethod(AbstractGlueDefinition.java:47)
	at io.cucumber.java.JavaStepDefinition.execute(JavaStepDefinition.java:29)
	at io.cucumber.core.runner.CoreStepDefinition.execute(CoreStepDefinition.java:66)
	at io.cucumber.core.runner.PickleStepDefinitionMatch.runStep(PickleStepDefinitionMatch.java:63)
	at io.cucumber.core.runner.ExecutionMode$1.execute(ExecutionMode.java:10)
	at io.cucumber.core.runner.TestStep.executeStep(TestStep.java:92)
	at io.cucumber.core.runner.TestStep.run(TestStep.java:64)
	at io.cucumber.core.runner.PickleStepTestStep.run(PickleStepTestStep.java:51)
	at io.cucumber.core.runner.TestCase.run(TestCase.java:104)
	at io.cucumber.core.runner.Runner.runPickle(Runner.java:71)
	at io.cucumber.junit.PickleRunners$NoStepDescriptions.run(PickleRunners.java:151)
	at io.cucumber.junit.FeatureRunner.runChild(FeatureRunner.java:135)
	at io.cucumber.junit.FeatureRunner.runChild(FeatureRunner.java:27)
	at org.junit.runners.ParentRunner$4.run(ParentRunner.java:331)
	at org.junit.runners.ParentRunner$1.schedule(ParentRunner.java:79)
	at org.junit.runners.ParentRunner.runChildren(ParentRunner.java:329)
	at org.junit.runners.ParentRunner.access$100(ParentRunner.java:66)
	at org.junit.runners.ParentRunner$2.evaluate(ParentRunner.java:293)
	at org.junit.runners.ParentRunner$3.evaluate(ParentRunner.java:306)
	at org.junit.runners.ParentRunner.run(ParentRunner.java:413)
	at io.cucumber.junit.Cucumber.runChild(Cucumber.java:199)
	at io.cucumber.junit.Cucumber.runChild(Cucumber.java:90)
	at org.junit.runners.ParentRunner$4.run(ParentRunner.java:331)
	at org.apache.maven.surefire.junitcore.pc.Scheduler$1.run(Scheduler.java:405)
	at java.util.concurrent.Executors$RunnableAdapter.call(Executors.java:511)
	at java.util.concurrent.FutureTask.run(FutureTask.java:266)
	at java.util.concurrent.ThreadPoolExecutor.runWorker(ThreadPoolExecutor.java:1149)
	at java.util.concurrent.ThreadPoolExecutor$Worker.run(ThreadPoolExecutor.java:624)
	at java.lang.Thread.run(Thread.java:748)
java.lang.NullPointerException
	at java.util.Objects.requireNonNull(Objects.java:203)
	at org.openqa.selenium.support.ui.FluentWait.<init>(FluentWait.java:106)
	at org.openqa.selenium.support.ui.WebDriverWait.<init>(WebDriverWait.java:85)
	at org.openqa.selenium.support.ui.WebDriverWait.<init>(WebDriverWait.java:45)
	at com.vcentry.lab.base.BaseClass.waitForElement(BaseClass.java:62)
	at com.vcentry.lab.base.BaseClass.clickElement(BaseClass.java:77)
	at com.vcentry.lab.pages.HomePage.addBackpacktoCart(HomePage.java:36)
	at com.vcentry.lab.stepDefinition.TestSteps.ADD_Backpack_toCart(TestSteps.java:51)
	at sun.reflect.NativeMethodAccessorImpl.invoke0(Native Method)
	at sun.reflect.NativeMethodAccessorImpl.invoke(NativeMethodAccessorImpl.java:62)
	at sun.reflect.DelegatingMethodAccessorImpl.invoke(DelegatingMethodAccessorImpl.java:43)
	at java.lang.reflect.Method.invoke(Method.java:498)
	at io.cucumber.java.Invoker.doInvoke(Invoker.java:66)
	at io.cucumber.java.Invoker.invoke(Invoker.java:24)
	at io.cucumber.java.AbstractGlueDefinition.invokeMethod(AbstractGlueDefinition.java:47)
	at io.cucumber.java.JavaStepDefinition.execute(JavaStepDefinition.java:29)
	at io.cucumber.core.runner.CoreStepDefinition.execute(CoreStepDefinition.java:66)
	at io.cucumber.core.runner.PickleStepDefinitionMatch.runStep(PickleStepDefinitionMatch.java:63)
	at io.cucumber.core.runner.ExecutionMode$1.execute(ExecutionMode.java:10)
	at io.cucumber.core.runner.TestStep.executeStep(TestStep.java:92)
	at io.cucumber.core.runner.TestStep.run(TestStep.java:64)
	at io.cucumber.core.runner.PickleStepTestStep.run(PickleStepTestStep.java:51)
	at io.cucumber.core.runner.TestCase.run(TestCase.java:104)
	at io.cucumber.core.runner.Runner.runPickle(Runner.java:71)
	at io.cucumber.junit.PickleRunners$NoStepDescriptions.run(PickleRunners.java:151)
	at io.cucumber.junit.FeatureRunner.runChild(FeatureRunner.java:135)
	at io.cucumber.junit.FeatureRunner.runChild(FeatureRunner.java:27)
	at org.junit.runners.ParentRunner$4.run(ParentRunner.java:331)
	at org.junit.runners.ParentRunner$1.schedule(ParentRunner.java:79)
	at org.junit.runners.ParentRunner.runChildren(ParentRunner.java:329)
	at org.junit.runners.ParentRunner.access$100(ParentRunner.java:66)
	at org.junit.runners.ParentRunner$2.evaluate(ParentRunner.java:293)
	at org.junit.runners.ParentRunner$3.evaluate(ParentRunner.java:306)
	at org.junit.runners.ParentRunner.run(ParentRunner.java:413)
	at io.cucumber.junit.Cucumber.runChild(Cucumber.java:199)
	at io.cucumber.junit.Cucumber.runChild(Cucumber.java:90)
	at org.junit.runners.ParentRunner$4.run(ParentRunner.java:331)
	at org.apache.maven.surefire.junitcore.pc.Scheduler$1.run(Scheduler.java:405)
	at java.util.concurrent.Executors$RunnableAdapter.call(Executors.java:511)
	at java.util.concurrent.FutureTask.run(FutureTask.java:266)
	at java.util.concurrent.ThreadPoolExecutor.runWorker(ThreadPoolExecutor.java:1149)
	at java.util.concurrent.ThreadPoolExecutor$Worker.run(ThreadPoolExecutor.java:624)
	at java.lang.Thread.run(Thread.java:748)
]]></system-err>
  </testcase>
  <testcase name="Place an order" classname="Test my feature" time="0">
    <error type="java.lang.NullPointerException"><![CDATA[java.lang.NullPointerException
]]></error>
  </testcase>
  <testcase name="Place an order" classname="Test my feature" time="0">
    <error type="java.lang.NullPointerException"><![CDATA[java.lang.NullPointerException
]]></error>
  </testcase>
</testsuite>