-------------------------------------------------------------------------------
Test set: Validate Login
-------------------------------------------------------------------------------
Tests run: 5, Failures: 0, Errors: 3, Skipped: 0, Time elapsed: 10.003 s <<< FAILURE! - in Validate Login
Validate Login.User should able to login with valid credentials  Time elapsed: 4.322 s  <<< ERROR!
java.lang.NullPointerException

Validate Login.User should able to login with valid credentials  Time elapsed: 0 s  <<< ERROR!
java.lang.NullPointerException

Validate Login.User should able to login with valid credentials  Time elapsed: 0 s  <<< ERROR!
java.lang.NullPointerException

